2023-03-03 10:42:11,152 - CRITICAL - We are not using the latest version of vep:                             
environment image v.: 105 
DockerHub image v.: 109.3
2023-03-03 10:51:23,383 - CRITICAL - We are not using the latest version of vep:                             
environment image v.: 105 
DockerHub image v.: 109.3
2023-03-03 10:56:43,529 - CRITICAL - We are not using the latest version of vep:                             
environment image v.: 105 
DockerHub image v.: 109.3
2023-03-03 10:57:31,350 - CRITICAL - We are not using the latest version of vep:                             
environment image v.: 105 
DockerHub image v.: 109.3
2023-03-03 11:07:54,951 - CRITICAL - We are not using the latest version of vep:                             
environment image v.: 105 
DockerHub image v.: 109.3
2023-03-03 14:00:23,979 - CRITICAL - We are not using the latest version of vep:                             
environment image v.: 105 
DockerHub image v.: 109.3
2023-03-06 10:36:13,872 - CRITICAL - We are not using the latest version of vep:             
environment image v.: 105.0 
DockerHub image v.: 109.3
2023-03-06 10:37:15,159 - CRITICAL - We are not using the latest version of vep:             
environment image v.: 105.0 
DockerHub image v.: 109.3
2023-03-06 10:42:06,312 - CRITICAL - We are not using the latest version of vep:             
environment image v.: 105.0 
DockerHub image v.: 109.3
2023-03-06 10:43:02,405 - CRITICAL - We are not using the latest version of vep:             
environment image v.: 105.0 
DockerHub image v.: 109.3
2023-03-06 10:43:45,085 - CRITICAL - We are not using the latest version of vep:             
environment image v.: 105.0 
DockerHub image v.: 109.3
2023-03-06 10:44:02,940 - CRITICAL - We are not using the latest version of vep:             
environment image v.: 105.0 
DockerHub image v.: 109.3
2023-03-06 10:44:51,800 - CRITICAL - We are not using the latest version of vep:             
environment image v.: 105.0 
DockerHub image v.: 109.3
2023-03-06 10:50:03,826 - CRITICAL - We are not using the latest version of vep:             
environment image v.: 105.0 
DockerHub image v.: 109.3
2023-03-06 10:50:20,268 - CRITICAL - We are not using the latest version of vep:             
environment image v.: 105.0 
DockerHub image v.: 109.3
2023-03-06 10:50:50,518 - CRITICAL - We are not using the latest version of vep:             
environment image v.: 105.0 
DockerHub image v.: 109.3
2023-03-06 10:51:50,986 - CRITICAL - We are not using the latest version of vep:             
environment image v.: 105.0 
DockerHub image v.: 109.3
2023-03-06 11:09:50,488 - CRITICAL - We are not using the latest version of vep:             
environment image v.: 105.0 
DockerHub image v.: 109.3
2023-03-06 11:10:22,582 - CRITICAL - We are not using the latest version of vep:             
environment image v.: 105.0 
DockerHub image v.: 109.3
2023-03-06 11:12:32,540 - CRITICAL - We are not using the latest version of vep:             
environment image v.: 105.0 
DockerHub image v.: 109.3
2023-03-06 11:12:53,793 - CRITICAL - We are not using the latest version of vep:             
environment image v.: 105.0 
DockerHub image v.: 109.3
2023-03-06 11:13:15,652 - CRITICAL - We are not using the latest version of vep:             
environment image v.: 105.0 
DockerHub image v.: 109.3
2023-03-06 11:13:39,220 - CRITICAL - We are not using the latest version of vep:             
environment image v.: 105.0 
DockerHub image v.: 109.3
2023-03-06 11:13:41,853 - CRITICAL - Failed to uninstall VEP image ensemblorg/ensembl-vep:release_109.2
2023-03-06 11:13:43,466 - CRITICAL - Failed to uninstall VEP image ensemblorg/ensembl-vep:release_106.1
2023-03-06 11:13:51,043 - CRITICAL - We are not using the latest version of vep:             
environment image v.: 105.0 
DockerHub image v.: 109.3
2023-03-06 11:57:15,762 - CRITICAL - We are not using the latest version of vep:             
environment image v.: 105.0 
DockerHub image v.: 109.3
2023-03-06 11:59:01,026 - CRITICAL - We are not using the latest version of vep:             
environment image v.: 105.0 
DockerHub image v.: 109.3
2023-03-06 11:59:59,908 - CRITICAL - We are not using the latest version of vep:             
environment image v.: 105.0 
DockerHub image v.: 109.3
2023-03-06 12:02:47,442 - CRITICAL - We are not using the latest version of vep:             
environment image v.: 105.0 
DockerHub image v.: 109.3
2023-03-06 12:05:28,536 - CRITICAL - We are not using the latest version of vep:             
environment image v.: 105.0 
DockerHub image v.: 109.3
2023-03-06 12:06:04,255 - CRITICAL - We are not using the latest version of vep:             
environment image v.: 105.0 
DockerHub image v.: 109.3
2023-03-06 12:07:31,788 - CRITICAL - We are not using the latest version of vep:             
environment image v.: 105.0 
DockerHub image v.: 109.3
2023-03-06 12:20:30,620 - CRITICAL - We are not using the latest version of vep:             
environment image v.: 105.0 
DockerHub image v.: 109.3
2023-03-06 12:20:32,178 - CRITICAL - Failed to uninstall VEP image ensemblorg/ensembl-vep:release_109.3
2023-03-06 12:21:50,101 - CRITICAL - We are not using the latest version of vep:             
environment image v.: 105.0 
DockerHub image v.: 109.3
2023-03-06 12:21:51,628 - CRITICAL - Failed to uninstall VEP image ensemblorg/ensembl-vep:release_109.3
2023-03-06 12:24:18,854 - CRITICAL - We are not using the latest version of vep:             
environment image v.: 105.0 
DockerHub image v.: 109.3
2023-03-06 12:24:20,368 - CRITICAL - Failed to uninstall VEP image ensemblorg/ensembl-vep:release_109.3
2023-03-06 12:24:55,670 - CRITICAL - We are not using the latest version of vep:             
environment image v.: 105.0 
DockerHub image v.: 109.3
2023-03-06 12:38:05,813 - CRITICAL - We are not using the latest version of vep:             
environment image v.: 105.0 
DockerHub image v.: 109.3
2023-03-06 12:38:07,319 - CRITICAL - Failed to uninstall VEP image ensemblorg/ensembl-vep:release_109.3
2023-03-06 12:40:03,869 - CRITICAL - We are not using the latest version of vep:             
environment image v.: 105.0 
DockerHub image v.: 109.3
2023-03-06 12:40:03,869 - CRITICAL - We are not using the latest version of vep:             
environment image v.: 105.0 
DockerHub image v.: 109.3
2023-03-06 12:40:22,557 - CRITICAL - Failed to uninstall VEP image ensemblorg/ensembl-vep:release_109.2
2023-03-06 12:40:22,557 - CRITICAL - Failed to uninstall VEP image ensemblorg/ensembl-vep:release_109.2
2023-03-06 12:40:22,558 - WARNING - The docker image of vep with tag release_109.2 will be desinstalled
2023-03-06 12:40:22,558 - WARNING - The docker image of vep with tag release_109.2 will be desinstalled
2023-03-06 12:40:24,278 - CRITICAL - Failed to uninstall VEP image ensemblorg/ensembl-vep:release_106.1
2023-03-06 12:40:24,278 - CRITICAL - Failed to uninstall VEP image ensemblorg/ensembl-vep:release_106.1
2023-03-06 12:40:24,278 - WARNING - The docker image of vep with tag release_106.1 will be desinstalled
2023-03-06 12:40:24,278 - WARNING - The docker image of vep with tag release_106.1 will be desinstalled
2023-03-06 12:44:15,626 - CRITICAL - We are not using the latest version of vep:             
environment image v.: 105.0 
DockerHub image v.: 109.3
2023-03-06 12:48:04,040 - CRITICAL - We are not using the latest version of vep:             
environment image v.: 105.0 
DockerHub image v.: 109.3
2023-03-06 12:50:03,707 - CRITICAL - We are not using the latest version of vep:             
environment image v.: 105.0 
DockerHub image v.: 109.3
2023-03-06 12:55:16,381 - CRITICAL - We are not using the latest version of vep:             
environment image v.: 105.0 
DockerHub image v.: 109.3
2023-03-06 12:57:14,755 - CRITICAL - We are not using the latest version of vep:             
environment image v.: 105.0 
DockerHub image v.: 109.3
2023-03-06 13:46:48,794 - CRITICAL - We are not using the latest version of vep:             
environment image v.: 105.0 
DockerHub image v.: 109.3
2023-03-16 09:08:27,793 - CRITICAL - We are not using the latest version of vep:             
environment image v.: 105.0 
DockerHub image v.: 109.3
2023-03-16 09:08:27,793 - CRITICAL - We are not using the latest version of vep:             
environment image v.: 105.0 
DockerHub image v.: 109.3
